c:\users\jonathan rhéaume\desktop\automne2017_tp3-master\tp3\tp3\debug\vc140.pdb
c:\users\jonathan rhéaume\desktop\automne2017_tp3-master\tp3\tp3\debug\vc140.idb
c:\users\jonathan rhéaume\desktop\automne2017_tp3-master\tp3\tp3\debug\main.obj
c:\users\jonathan rhéaume\desktop\automne2017_tp3-master\tp3\tp3\debug\testeur.obj
c:\users\jonathan rhéaume\desktop\automne2017_tp3-master\tp3\tp3\debug\acteur.obj
c:\users\jonathan rhéaume\desktop\automne2017_tp3-master\tp3\tp3\debug\game.obj
c:\users\jonathan rhéaume\desktop\automne2017_tp3-master\tp3\tp3\debug\joueur.obj
c:\users\jonathan rhéaume\desktop\automne2017_tp3-master\tp3\debug\tp3.pdb
c:\users\jonathan rhéaume\desktop\automne2017_tp3-master\tp3\tp3\debug\tp3.tlog\cl.command.1.tlog
c:\users\jonathan rhéaume\desktop\automne2017_tp3-master\tp3\tp3\debug\tp3.tlog\cl.read.1.tlog
c:\users\jonathan rhéaume\desktop\automne2017_tp3-master\tp3\tp3\debug\tp3.tlog\cl.write.1.tlog
c:\users\jonathan rhéaume\desktop\automne2017_tp3-master\tp3\tp3\debug\tp3.tlog\link-cvtres.read.1.tlog
c:\users\jonathan rhéaume\desktop\automne2017_tp3-master\tp3\tp3\debug\tp3.tlog\link-cvtres.write.1.tlog
c:\users\jonathan rhéaume\desktop\automne2017_tp3-master\tp3\tp3\debug\tp3.tlog\link-rc.read.1.tlog
c:\users\jonathan rhéaume\desktop\automne2017_tp3-master\tp3\tp3\debug\tp3.tlog\link-rc.write.1.tlog
c:\users\jonathan rhéaume\desktop\automne2017_tp3-master\tp3\tp3\debug\tp3.tlog\link.16712-cvtres.read.1.tlog
c:\users\jonathan rhéaume\desktop\automne2017_tp3-master\tp3\tp3\debug\tp3.tlog\link.16712-cvtres.write.1.tlog
c:\users\jonathan rhéaume\desktop\automne2017_tp3-master\tp3\tp3\debug\tp3.tlog\link.16712-rc.read.1.tlog
c:\users\jonathan rhéaume\desktop\automne2017_tp3-master\tp3\tp3\debug\tp3.tlog\link.16712-rc.write.1.tlog
c:\users\jonathan rhéaume\desktop\automne2017_tp3-master\tp3\tp3\debug\tp3.tlog\link.16712.read.1.tlog
c:\users\jonathan rhéaume\desktop\automne2017_tp3-master\tp3\tp3\debug\tp3.tlog\link.16712.write.1.tlog
c:\users\jonathan rhéaume\desktop\automne2017_tp3-master\tp3\tp3\debug\tp3.tlog\link.command.1.tlog
c:\users\jonathan rhéaume\desktop\automne2017_tp3-master\tp3\tp3\debug\tp3.tlog\link.read.1.tlog
c:\users\jonathan rhéaume\desktop\automne2017_tp3-master\tp3\tp3\debug\tp3.tlog\link.write.1.tlog
